<?xml version="1.0" encoding="UTF-8"?>
<!-- Generated by org.testng.reporters.JUnitXMLReporter -->
<testsuite ignored="0" hostname="LAPTOP-R807H48O" failures="0" tests="3" name="Default test" time="69.47" errors="0" timestamp="2025-11-07T21:14:53 IST">
  <testcase classname="group.CreatecampaignTest" name="CreateCampaignWithMandatoryFieldsTest" time="8.609"/>
  <testcase classname="group.CreatecampaignTest" name="createCampaignWithExpectedCloseDateTest" time="14.745"/>
  <testcase classname="group.CreatecampaignTest" name="createCampaignWithStatusTest" time="15.106"/>
</testsuite> <!-- Default test -->
