<?xml version="1.0" encoding="UTF-8"?>
<!-- Generated by org.testng.reporters.JUnitXMLReporter -->
<testsuite ignored="8" hostname="LAPTOP-R807H48O" failures="3" tests="5" name="Test" time="134.911" errors="0" timestamp="2025-11-06T20:30:14 IST">
  <testcase classname="ConfigurationAnnotations.createContactTest" name="createContactwithMandatoryFields" time="24.466"/>
  <testcase classname="ConfigurationAnnotations.CreateProductTest" name="createProductWithMandatoryFields" time="12.583"/>
  <testcase classname="ConfigurationAnnotations.CreatecampaignTest" name="CreateCampaignWithMandatoryFieldsTest" time="7.653">
    <failure type="java.lang.AssertionError" message="Campaign created expected [true] but found [false]">
      <![CDATA[java.lang.AssertionError: Campaign created expected [true] but found [false]
at ConfigurationAnnotations.CreatecampaignTest.CreateCampaignWithMandatoryFieldsTest(CreatecampaignTest.java:61)
at java.base/java.util.ArrayList.forEach(ArrayList.java:1596)
... Removed 28 stack frames]]>
    </failure>
  </testcase> <!-- CreateCampaignWithMandatoryFieldsTest -->
  <testcase classname="ConfigurationAnnotations.CreatecampaignTest" name="createCampaignWithExpectedCloseDateTest" time="13.539">
    <failure type="java.lang.AssertionError" message="Campaign created expected [true] but found [false]">
      <![CDATA[java.lang.AssertionError: Campaign created expected [true] but found [false]
at ConfigurationAnnotations.CreatecampaignTest.createCampaignWithExpectedCloseDateTest(CreatecampaignTest.java:197)
at java.base/java.util.ArrayList.forEach(ArrayList.java:1596)
... Removed 28 stack frames]]>
    </failure>
  </testcase> <!-- createCampaignWithExpectedCloseDateTest -->
  <testcase classname="ConfigurationAnnotations.CreatecampaignTest" name="createCampaignWithStatusTest" time="13.969">
    <failure type="java.lang.AssertionError" message="Campaign created expected [true] but found [false]">
      <![CDATA[java.lang.AssertionError: Campaign created expected [true] but found [false]
at ConfigurationAnnotations.CreatecampaignTest.createCampaignWithStatusTest(CreatecampaignTest.java:110)
at java.base/java.util.ArrayList.forEach(ArrayList.java:1596)
... Removed 28 stack frames]]>
    </failure>
  </testcase> <!-- createCampaignWithStatusTest -->
  <testcase classname="genericutilities.Baseclass" name="@AfterTest afterTest" time="0.0">
    <ignored/>
  </testcase> <!-- @AfterTest afterTest -->
  <testcase classname="genericutilities.Baseclass" name="@AfterTest afterTest" time="0.0">
    <ignored/>
  </testcase> <!-- @AfterTest afterTest -->
  <testcase classname="genericutilities.Baseclass" name="@BeforeSuite beforeSuite" time="0.0">
    <ignored/>
  </testcase> <!-- @BeforeSuite beforeSuite -->
  <testcase classname="genericutilities.Baseclass" name="@BeforeTest beforeTest" time="0.0">
    <ignored/>
  </testcase> <!-- @BeforeTest beforeTest -->
  <testcase classname="genericutilities.Baseclass" name="@BeforeSuite beforeSuite" time="0.0">
    <ignored/>
  </testcase> <!-- @BeforeSuite beforeSuite -->
  <testcase classname="genericutilities.Baseclass" name="@AfterSuite afterSuite" time="0.0">
    <ignored/>
  </testcase> <!-- @AfterSuite afterSuite -->
  <testcase classname="genericutilities.Baseclass" name="@BeforeTest beforeTest" time="0.0">
    <ignored/>
  </testcase> <!-- @BeforeTest beforeTest -->
  <testcase classname="genericutilities.Baseclass" name="@AfterSuite afterSuite" time="0.0">
    <ignored/>
  </testcase> <!-- @AfterSuite afterSuite -->
</testsuite> <!-- Test -->
