<?xml version="1.0" encoding="UTF-8"?>
<!-- Generated by org.testng.reporters.JUnitXMLReporter -->
<testsuite ignored="0" hostname="LAPTOP-R807H48O" failures="0" tests="3" name="Test1" time="82.084" errors="0" timestamp="2025-10-31T20:14:20 IST">
  <testcase classname="distributed.CreatecampaignTest" name="CreateCampaignWithMandatoryFieldsTest" time="18.402"/>
  <testcase classname="distributed.CreatecampaignTest" name="createCampaignWithExpectedCloseDateTest" time="14.471"/>
  <testcase classname="distributed.CreatecampaignTest" name="createCampaignWithStatusTest" time="14.167"/>
</testsuite> <!-- Test1 -->
