<?xml version="1.0" encoding="UTF-8"?>
<testng-results ignored="0" total="3" passed="3" failed="0" skipped="0">
  <reporter-output>
    <line>
      <![CDATA[Campaign created]]>
    </line>
    <line>
      <![CDATA[Campaign created]]>
    </line>
    <line>
      <![CDATA[Campaign created]]>
    </line>
  </reporter-output>
  <suite started-at="2025-11-07T21:13:44 IST" name="Default suite" finished-at="2025-11-07T21:14:53 IST" duration-ms="69470">
    <groups>
      <group name="r">
        <method signature="CreatecampaignTest.createCampaignWithExpectedCloseDateTest()[pri:0, instance:group.CreatecampaignTest@6a78afa0]" name="createCampaignWithExpectedCloseDateTest" class="group.CreatecampaignTest"/>
      </group> <!-- r -->
      <group name="s">
        <method signature="CreatecampaignTest.CreateCampaignWithMandatoryFieldsTest()[pri:0, instance:group.CreatecampaignTest@6a78afa0]" name="CreateCampaignWithMandatoryFieldsTest" class="group.CreatecampaignTest"/>
        <method signature="CreatecampaignTest.createCampaignWithStatusTest()[pri:0, instance:group.CreatecampaignTest@6a78afa0]" name="createCampaignWithStatusTest" class="group.CreatecampaignTest"/>
      </group> <!-- s -->
    </groups>
    <test started-at="2025-11-07T21:13:44 IST" name="Default test" finished-at="2025-11-07T21:14:53 IST" duration-ms="69470">
      <class name="group.CreatecampaignTest">
        <test-method is-config="true" signature="beforeSuite()[pri:0, instance:group.CreatecampaignTest@6a78afa0]" started-at="2025-11-07T21:13:44 IST" name="beforeSuite" finished-at="2025-11-07T21:13:44 IST" duration-ms="7" status="PASS">
          <reporter-output>
          </reporter-output>
        </test-method> <!-- beforeSuite -->
        <test-method is-config="true" signature="beforeTest()[pri:0, instance:group.CreatecampaignTest@6a78afa0]" started-at="2025-11-07T21:13:44 IST" name="beforeTest" finished-at="2025-11-07T21:13:44 IST" duration-ms="0" status="PASS">
          <reporter-output>
          </reporter-output>
        </test-method> <!-- beforeTest -->
        <test-method is-config="true" signature="beforeClass()[pri:0, instance:group.CreatecampaignTest@6a78afa0]" started-at="2025-11-07T21:13:44 IST" name="beforeClass" finished-at="2025-11-07T21:13:45 IST" duration-ms="969" status="PASS">
          <reporter-output>
          </reporter-output>
        </test-method> <!-- beforeClass -->
        <test-method is-config="true" signature="beforeMethod()[pri:0, instance:group.CreatecampaignTest@6a78afa0]" started-at="2025-11-07T21:13:45 IST" name="beforeMethod" finished-at="2025-11-07T21:13:50 IST" duration-ms="4877" status="PASS">
          <reporter-output>
          </reporter-output>
        </test-method> <!-- beforeMethod -->
        <test-method signature="CreateCampaignWithMandatoryFieldsTest()[pri:0, instance:group.CreatecampaignTest@6a78afa0]" started-at="2025-11-07T21:13:50 IST" name="CreateCampaignWithMandatoryFieldsTest" finished-at="2025-11-07T21:13:58 IST" duration-ms="8609" status="PASS">
          <reporter-output>
            <line>
              <![CDATA[Campaign created]]>
            </line>
          </reporter-output>
        </test-method> <!-- CreateCampaignWithMandatoryFieldsTest -->
        <test-method is-config="true" signature="afterMethod()[pri:0, instance:group.CreatecampaignTest@6a78afa0]" started-at="2025-11-07T21:13:58 IST" name="afterMethod" finished-at="2025-11-07T21:14:06 IST" duration-ms="7768" status="PASS">
          <reporter-output>
          </reporter-output>
        </test-method> <!-- afterMethod -->
        <test-method is-config="true" signature="beforeMethod()[pri:0, instance:group.CreatecampaignTest@6a78afa0]" started-at="2025-11-07T21:14:06 IST" name="beforeMethod" finished-at="2025-11-07T21:14:11 IST" duration-ms="4670" status="PASS">
          <reporter-output>
          </reporter-output>
        </test-method> <!-- beforeMethod -->
        <test-method signature="createCampaignWithExpectedCloseDateTest()[pri:0, instance:group.CreatecampaignTest@6a78afa0]" started-at="2025-11-07T21:14:11 IST" name="createCampaignWithExpectedCloseDateTest" finished-at="2025-11-07T21:14:26 IST" duration-ms="14745" status="PASS">
          <reporter-output>
            <line>
              <![CDATA[Campaign created]]>
            </line>
          </reporter-output>
        </test-method> <!-- createCampaignWithExpectedCloseDateTest -->
        <test-method is-config="true" signature="afterMethod()[pri:0, instance:group.CreatecampaignTest@6a78afa0]" started-at="2025-11-07T21:14:26 IST" name="afterMethod" finished-at="2025-11-07T21:14:31 IST" duration-ms="5192" status="PASS">
          <reporter-output>
          </reporter-output>
        </test-method> <!-- afterMethod -->
        <test-method is-config="true" signature="beforeMethod()[pri:0, instance:group.CreatecampaignTest@6a78afa0]" started-at="2025-11-07T21:14:31 IST" name="beforeMethod" finished-at="2025-11-07T21:14:32 IST" duration-ms="1650" status="PASS">
          <reporter-output>
          </reporter-output>
        </test-method> <!-- beforeMethod -->
        <test-method signature="createCampaignWithStatusTest()[pri:0, instance:group.CreatecampaignTest@6a78afa0]" started-at="2025-11-07T21:14:32 IST" name="createCampaignWithStatusTest" finished-at="2025-11-07T21:14:48 IST" duration-ms="15106" status="PASS">
          <reporter-output>
            <line>
              <![CDATA[Campaign created]]>
            </line>
          </reporter-output>
        </test-method> <!-- createCampaignWithStatusTest -->
        <test-method is-config="true" signature="afterMethod()[pri:0, instance:group.CreatecampaignTest@6a78afa0]" started-at="2025-11-07T21:14:48 IST" name="afterMethod" finished-at="2025-11-07T21:14:53 IST" duration-ms="5510" status="PASS">
          <reporter-output>
          </reporter-output>
        </test-method> <!-- afterMethod -->
        <test-method is-config="true" signature="afterClass()[pri:0, instance:group.CreatecampaignTest@6a78afa0]" started-at="2025-11-07T21:14:53 IST" name="afterClass" finished-at="2025-11-07T21:14:53 IST" duration-ms="334" status="PASS">
          <reporter-output>
          </reporter-output>
        </test-method> <!-- afterClass -->
        <test-method is-config="true" signature="afterTest()[pri:0, instance:group.CreatecampaignTest@6a78afa0]" started-at="2025-11-07T21:14:53 IST" name="afterTest" finished-at="2025-11-07T21:14:53 IST" duration-ms="0" status="PASS">
          <reporter-output>
          </reporter-output>
        </test-method> <!-- afterTest -->
        <test-method is-config="true" signature="afterSuite()[pri:0, instance:group.CreatecampaignTest@6a78afa0]" started-at="2025-11-07T21:14:53 IST" name="afterSuite" finished-at="2025-11-07T21:14:53 IST" duration-ms="0" status="PASS">
          <reporter-output>
          </reporter-output>
        </test-method> <!-- afterSuite -->
      </class> <!-- group.CreatecampaignTest -->
    </test> <!-- Default test -->
  </suite> <!-- Default suite -->
</testng-results>
