<?xml version="1.0" encoding="UTF-8"?>
<!-- Generated by org.testng.reporters.JUnitReportReporter -->
<testsuite hostname="LAPTOP-R807H48O" failures="0" tests="2" name="testng.WorkingwithconfigurationAnnotations" time="0.009" errors="0" timestamp="2025-10-27T20:49:33 IST" skipped="0">
  <testcase classname="testng.WorkingwithconfigurationAnnotations" name="test1" time="0.006"/>
  <testcase classname="testng.WorkingwithconfigurationAnnotations" name="test2" time="0.003"/>
</testsuite> <!-- testng.WorkingwithconfigurationAnnotations -->
