<?xml version="1.0" encoding="UTF-8"?>
<!-- Generated by org.testng.reporters.JUnitReportReporter -->
<testsuite hostname="LAPTOP-R807H48O" failures="0" tests="3" name="group.CreatecampaignTest" time="68.127" errors="0" timestamp="2025-11-07T21:14:54 IST" skipped="0">
  <testcase classname="group.CreatecampaignTest" name="CreateCampaignWithMandatoryFieldsTest" time="18.996">
    <system-out>
      <![CDATA[Campaign created]]>
    </system-out>
  </testcase> <!-- CreateCampaignWithMandatoryFieldsTest -->
  <testcase classname="group.CreatecampaignTest" name="createCampaignWithStatusTest" time="27.544">
    <system-out>
      <![CDATA[Campaign created]]>
    </system-out>
  </testcase> <!-- createCampaignWithStatusTest -->
  <testcase classname="group.CreatecampaignTest" name="createCampaignWithExpectedCloseDateTest" time="21.587">
    <system-out>
      <![CDATA[Campaign created]]>
    </system-out>
  </testcase> <!-- createCampaignWithExpectedCloseDateTest -->
  <system-out>
    <![CDATA[Campaign created
Campaign created
Campaign created]]>
  </system-out>
</testsuite> <!-- group.CreatecampaignTest -->
