<?xml version="1.0" encoding="UTF-8"?>
<!-- Generated by org.testng.reporters.JUnitReportReporter -->
<testsuite hostname="LAPTOP-R807H48O" failures="0" tests="1" name="CreateProductTest.CreateProductTest" time="25.112" errors="0" timestamp="2025-10-23T20:45:18 IST" skipped="0">
  <testcase classname="CreateProductTest.CreateProductTest" name="createProductWithMandatoryFields" time="25.112">
    <system-out>
      <![CDATA[Product created]]>
    </system-out>
  </testcase> <!-- createProductWithMandatoryFields -->
  <system-out>
    <![CDATA[Product created]]>
  </system-out>
</testsuite> <!-- CreateProductTest.CreateProductTest -->
