<?xml version="1.0" encoding="UTF-8"?>
<!-- Generated by org.testng.reporters.JUnitReportReporter -->
<testsuite hostname="LAPTOP-R807H48O" failures="0" tests="3" name="testng.test2" time="0.017" errors="0" timestamp="2025-10-25T20:12:47 IST" skipped="0">
  <testcase classname="testng.test2" name="productcreation" time="0.012">
    <system-out>
      <![CDATA[ProductCreation]]>
    </system-out>
  </testcase> <!-- productcreation -->
  <testcase classname="testng.test2" name="deleteProduct" time="0.003">
    <system-out>
      <![CDATA[deleteProduct]]>
    </system-out>
  </testcase> <!-- deleteProduct -->
  <testcase classname="testng.test2" name="updateProduct" time="0.002">
    <system-out>
      <![CDATA[updateProduct]]>
    </system-out>
  </testcase> <!-- updateProduct -->
  <system-out>
    <![CDATA[ProductCreation
updateProduct
deleteProduct]]>
  </system-out>
</testsuite> <!-- testng.test2 -->
