<?xml version="1.0" encoding="UTF-8"?>
<!-- Generated by org.testng.reporters.JUnitReportReporter -->
<testsuite hostname="LAPTOP-R807H48O" failures="0" tests="1" name="CreateContacttest.createContactTest" time="38.611" errors="0" timestamp="2025-10-23T20:46:07 IST" skipped="0">
  <testcase classname="CreateContacttest.createContactTest" name="createContactwithMandatoryFields" time="38.611">
    <system-out>
      <![CDATA[contact created]]>
    </system-out>
  </testcase> <!-- createContactwithMandatoryFields -->
  <system-out>
    <![CDATA[contact created]]>
  </system-out>
</testsuite> <!-- CreateContacttest.createContactTest -->
