<?xml version="1.0" encoding="UTF-8"?>
<!-- Generated by org.testng.reporters.JUnitReportReporter -->
<testsuite hostname="LAPTOP-R807H48O" failures="0" tests="1" name="ConfigurationAnnotations.createContactTest" time="33.518" errors="0" timestamp="2025-11-06T20:30:14 IST" skipped="0">
  <testcase classname="ConfigurationAnnotations.createContactTest" name="createContactwithMandatoryFields" time="33.518"/>
  <system-out>
    <![CDATA[Campaign created]]>
  </system-out>
</testsuite> <!-- ConfigurationAnnotations.createContactTest -->
