<?xml version="1.0" encoding="UTF-8"?>
<!-- Generated by org.testng.reporters.JUnitReportReporter -->
<testsuite hostname="LAPTOP-R807H48O" failures="0" tests="1" name="distributed.CreateProductTest" time="47.363" errors="0" timestamp="2025-10-31T20:14:20 IST" skipped="0">
  <testcase classname="distributed.CreateProductTest" name="createProductWithMandatoryFields" time="47.363">
    <system-out>
      <![CDATA[Product created]]>
    </system-out>
  </testcase> <!-- createProductWithMandatoryFields -->
  <system-out>
    <![CDATA[Campaign created
Product created
Campaign created
Campaign created]]>
  </system-out>
</testsuite> <!-- distributed.CreateProductTest -->
