<?xml version="1.0" encoding="UTF-8"?>
<!-- Generated by org.testng.reporters.JUnitReportReporter -->
<testsuite hostname="LAPTOP-R807H48O" failures="0" tests="7" name="testng.Newtest" time="37.951" errors="0" timestamp="2025-10-25T20:11:47 IST" skipped="0">
  <testcase classname="testng.Newtest" name="productcreation" time="7.306">
    <system-out>
      <![CDATA[ProductCreation]]>
    </system-out>
  </testcase> <!-- productcreation -->
  <testcase classname="testng.Newtest" name="productcreation" time="3.608">
    <system-out>
      <![CDATA[ProductCreation]]>
    </system-out>
  </testcase> <!-- productcreation -->
  <testcase classname="testng.Newtest" name="productcreation" time="11.619">
    <system-out>
      <![CDATA[ProductCreation]]>
    </system-out>
  </testcase> <!-- productcreation -->
  <testcase classname="testng.Newtest" name="productcreation" time="7.103">
    <system-out>
      <![CDATA[ProductCreation]]>
    </system-out>
  </testcase> <!-- productcreation -->
  <testcase classname="testng.Newtest" name="productcreation" time="8.312">
    <system-out>
      <![CDATA[ProductCreation]]>
    </system-out>
  </testcase> <!-- productcreation -->
  <testcase classname="testng.Newtest" name="deleteProduct" time="0.001">
    <system-out>
      <![CDATA[deleteProduct]]>
    </system-out>
  </testcase> <!-- deleteProduct -->
  <testcase classname="testng.Newtest" name="updateProduct" time="0.002">
    <system-out>
      <![CDATA[updateProduct]]>
    </system-out>
  </testcase> <!-- updateProduct -->
  <system-out>
    <![CDATA[ProductCreation
ProductCreation
ProductCreation
ProductCreation
ProductCreation
updateProduct
deleteProduct]]>
  </system-out>
</testsuite> <!-- testng.Newtest -->
