<?xml version="1.0" encoding="UTF-8"?>
<!-- Generated by org.testng.reporters.JUnitReportReporter -->
<testsuite hostname="LAPTOP-R807H48O" failures="0" tests="3" name="distributed.CreatecampaignTest" time="79.168" errors="0" timestamp="2025-10-31T20:14:20 IST" skipped="0">
  <testcase classname="distributed.CreatecampaignTest" name="CreateCampaignWithMandatoryFieldsTest" time="32.238">
    <system-out>
      <![CDATA[Campaign created]]>
    </system-out>
  </testcase> <!-- CreateCampaignWithMandatoryFieldsTest -->
  <testcase classname="distributed.CreatecampaignTest" name="createCampaignWithExpectedCloseDateTest" time="25.691">
    <system-out>
      <![CDATA[Campaign created]]>
    </system-out>
  </testcase> <!-- createCampaignWithExpectedCloseDateTest -->
  <testcase classname="distributed.CreatecampaignTest" name="createCampaignWithStatusTest" time="21.239">
    <system-out>
      <![CDATA[Campaign created]]>
    </system-out>
  </testcase> <!-- createCampaignWithStatusTest -->
  <system-out>
    <![CDATA[Campaign created
Product created
Campaign created
Campaign created]]>
  </system-out>
</testsuite> <!-- distributed.CreatecampaignTest -->
