<?xml version="1.0" encoding="UTF-8"?>
<!-- Generated by org.testng.reporters.JUnitReportReporter -->
<testsuite hostname="LAPTOP-R807H48O" failures="0" tests="1" name="ConfigurationAnnotations.CreateProductTest" time="25.701" errors="0" timestamp="2025-11-06T20:30:14 IST" skipped="0">
  <testcase classname="ConfigurationAnnotations.CreateProductTest" name="createProductWithMandatoryFields" time="25.701"/>
  <system-out>
    <![CDATA[Campaign created]]>
  </system-out>
</testsuite> <!-- ConfigurationAnnotations.CreateProductTest -->
